AndroidBuild/unityLibrary/build/intermediates/manifest_merge_blame_file/debug/manifest-merger-blame-debug-report.txt
1<?xml version="1.0" encoding="utf-8"?>
2<manifest xmlns:android="http://schemas.android.com/apk/res/android"
3    xmlns:tools="http://schemas.android.com/tools"
4    package="com.unity3d.player" >
5
6    <uses-sdk
7        android:minSdkVersion="24"
7-->src\main\AndroidManifest.xml
8        android:targetSdkVersion="31" />
8-->src\main\AndroidManifest.xml
9
10    <uses-feature android:glEsVersion="0x00030000" />
10-->src\main\AndroidManifest.xml:16:3-52
10-->src\main\AndroidManifest.xml:16:17-49
11
12    <uses-permission android:name="android.permission.INTERNET" />
12-->src\main\AndroidManifest.xml:17:3-65
12-->src\main\AndroidManifest.xml:17:20-62
13
14    <uses-feature
14-->src\main\AndroidManifest.xml:18:3-88
15        android:name="android.hardware.touchscreen"
15-->src\main\AndroidManifest.xml:18:17-60
16        android:required="false" />
16-->src\main\AndroidManifest.xml:18:61-85
17    <uses-feature
17-->src\main\AndroidManifest.xml:19:3-99
18        android:name="android.hardware.touchscreen.multitouch"
18-->src\main\AndroidManifest.xml:19:17-71
19        android:required="false" />
19-->src\main\AndroidManifest.xml:19:72-96
20    <uses-feature
20-->src\main\AndroidManifest.xml:20:3-108
21        android:name="android.hardware.touchscreen.multitouch.distinct"
21-->src\main\AndroidManifest.xml:20:17-80
22        android:required="false" />
22-->src\main\AndroidManifest.xml:20:81-105
23
24    <uses-permission android:name="android.permission.CAMERA" />
24-->src\main\AndroidManifest.xml:21:3-63
24-->src\main\AndroidManifest.xml:21:20-60
25
26    <uses-feature
26-->src\main\AndroidManifest.xml:22:3-85
27        android:name="android.hardware.camera.ar"
27-->src\main\AndroidManifest.xml:22:17-58
28        android:required="true" />
28-->src\main\AndroidManifest.xml:22:59-82
29    <uses-feature
29-->src\main\AndroidManifest.xml:23:3-83
30        android:name="com.google.ar.core.depth"
30-->src\main\AndroidManifest.xml:23:17-56
31        android:required="true" />
31-->src\main\AndroidManifest.xml:23:57-80
32
33    <application android:extractNativeLibs="true" >
33-->src\main\AndroidManifest.xml:3:3-15:17
33-->src\main\AndroidManifest.xml:3:16-48
34        <activity
34-->src\main\AndroidManifest.xml:4:5-7:16
35            android:name="com.unity3d.player.UnityPlayerActivity"
35-->src\main\AndroidManifest.xml:4:15-68
36            android:configChanges="mcc|mnc|locale|touchscreen|keyboard|keyboardHidden|navigation|orientation|screenLayout|uiMode|screenSize|smallestScreenSize|fontScale|layoutDirection|density"
36-->src\main\AndroidManifest.xml:4:206-387
37            android:exported="true"
37-->src\main\AndroidManifest.xml:4:111-134
38            android:hardwareAccelerated="false"
38-->src\main\AndroidManifest.xml:4:423-458
39            android:launchMode="singleTask"
39-->src\main\AndroidManifest.xml:4:174-205
40            android:resizeableActivity="false"
40-->src\main\AndroidManifest.xml:4:388-422
41            android:screenOrientation="fullSensor"
41-->src\main\AndroidManifest.xml:4:135-173
42            android:theme="@style/UnityThemeSelector" >
42-->src\main\AndroidManifest.xml:4:69-110
43            <meta-data
43-->src\main\AndroidManifest.xml:5:7-82
44                android:name="unityplayer.UnityActivity"
44-->src\main\AndroidManifest.xml:5:18-58
45                android:value="true" />
45-->src\main\AndroidManifest.xml:5:59-79
46            <meta-data
46-->src\main\AndroidManifest.xml:6:7-78
47                android:name="android.notch_support"
47-->src\main\AndroidManifest.xml:6:18-54
48                android:value="true" />
48-->src\main\AndroidManifest.xml:6:55-75
49        </activity>
50
51        <meta-data
51-->src\main\AndroidManifest.xml:8:5-69
52            android:name="unity.splash-mode"
52-->src\main\AndroidManifest.xml:8:16-48
53            android:value="0" />
53-->src\main\AndroidManifest.xml:8:49-66
54        <meta-data
54-->src\main\AndroidManifest.xml:9:5-74
55            android:name="unity.splash-enable"
55-->src\main\AndroidManifest.xml:9:16-50
56            android:value="True" />
56-->src\main\AndroidManifest.xml:9:51-71
57        <meta-data
57-->src\main\AndroidManifest.xml:10:5-78
58            android:name="unity.launch-fullscreen"
58-->src\main\AndroidManifest.xml:10:16-54
59            android:value="True" />
59-->src\main\AndroidManifest.xml:10:55-75
60        <meta-data
60-->src\main\AndroidManifest.xml:11:5-84
61            android:name="unity.allow-resizable-window"
61-->src\main\AndroidManifest.xml:11:16-59
62            android:value="False" />
62-->src\main\AndroidManifest.xml:11:60-81
63        <meta-data
63-->src\main\AndroidManifest.xml:12:5-81
64            android:name="notch.config"
64-->src\main\AndroidManifest.xml:12:16-43
65            android:value="portrait|landscape" />
65-->src\main\AndroidManifest.xml:12:44-78
66        <meta-data
66-->src\main\AndroidManifest.xml:13:5-88
67            android:name="unityplayer.SkipPermissionsDialog"
67-->src\main\AndroidManifest.xml:13:16-64
68            android:value="true" />
68-->src\main\AndroidManifest.xml:13:65-85
69        <meta-data
69-->src\main\AndroidManifest.xml:14:5-77
70            android:name="com.google.ar.core"
70-->src\main\AndroidManifest.xml:14:16-49
71            android:value="required" />
71-->src\main\AndroidManifest.xml:14:50-74
72    </application>
73
74</manifest>